{"C:\\Users\\gg345\\Desktop\\Back_end\\bactch4\\src\\app.js": {"path":"C:\\Users\\gg345\\Desktop\\Back_end\\bactch4\\src\\app.js","statementMap":{"0":{"start":{"line":1,"column":16},"end":{"line":1,"column":34}},"1":{"start":{"line":2,"column":12},"end":{"line":2,"column":21}},"2":{"start":{"line":3,"column":0},"end":{"line":3,"column":23}},"3":{"start":{"line":4,"column":18},"end":{"line":4,"column":46}},"4":{"start":{"line":5,"column":18},"end":{"line":5,"column":46}},"5":{"start":{"line":7,"column":13},"end":{"line":7,"column":17}},"6":{"start":{"line":9,"column":0},"end":{"line":9,"column":28}},"7":{"start":{"line":10,"column":0},"end":{"line":10,"column":28}},"8":{"start":{"line":15,"column":0},"end":{"line":17,"column":2}},"9":{"start":{"line":16,"column":4},"end":{"line":16,"column":64}},"10":{"start":{"line":20,"column":0},"end":{"line":20,"column":21}}},"fnMap":{"0":{"name":"(anonymous_0)","decl":{"start":{"line":15,"column":17},"end":{"line":15,"column":18}},"loc":{"start":{"line":15,"column":23},"end":{"line":17,"column":1}},"line":15}},"branchMap":{},"s":{"0":3,"1":3,"2":3,"3":3,"4":3,"5":3,"6":3,"7":3,"8":3,"9":3,"10":3},"f":{"0":3},"b":{},"_coverageSchema":"1a1c01bbd47fc00a2c39e90264f33305004495a9","hash":"a04bd23a9b9398d26d32fa79975bc0d5c85e1ebf"}
,"C:\\Users\\gg345\\Desktop\\Back_end\\bactch4\\src\\route\\postRoute.js": {"path":"C:\\Users\\gg345\\Desktop\\Back_end\\bactch4\\src\\route\\postRoute.js","statementMap":{"0":{"start":{"line":1,"column":16},"end":{"line":1,"column":34}},"1":{"start":{"line":2,"column":15},"end":{"line":2,"column":31}},"2":{"start":{"line":3,"column":19},"end":{"line":3,"column":40}},"3":{"start":{"line":3,"column":27},"end":{"line":3,"column":38}},"4":{"start":{"line":6,"column":12},"end":{"line":6,"column":14}},"5":{"start":{"line":7,"column":21},"end":{"line":13,"column":1}},"6":{"start":{"line":8,"column":4},"end":{"line":12,"column":7}},"7":{"start":{"line":16,"column":0},"end":{"line":16,"column":21}},"8":{"start":{"line":17,"column":0},"end":{"line":34,"column":3}},"9":{"start":{"line":18,"column":39},"end":{"line":18,"column":47}},"10":{"start":{"line":20,"column":4},"end":{"line":22,"column":5}},"11":{"start":{"line":21,"column":8},"end":{"line":21,"column":81}},"12":{"start":{"line":24,"column":17},"end":{"line":30,"column":5}},"13":{"start":{"line":32,"column":4},"end":{"line":32,"column":21}},"14":{"start":{"line":33,"column":4},"end":{"line":33,"column":69}},"15":{"start":{"line":37,"column":0},"end":{"line":39,"column":3}},"16":{"start":{"line":38,"column":4},"end":{"line":38,"column":73}},"17":{"start":{"line":42,"column":0},"end":{"line":53,"column":3}},"18":{"start":{"line":43,"column":17},"end":{"line":43,"column":68}},"19":{"start":{"line":43,"column":35},"end":{"line":43,"column":67}},"20":{"start":{"line":45,"column":4},"end":{"line":47,"column":5}},"21":{"start":{"line":46,"column":8},"end":{"line":46,"column":56}},"22":{"start":{"line":49,"column":4},"end":{"line":49,"column":71}},"23":{"start":{"line":56,"column":0},"end":{"line":70,"column":3}},"24":{"start":{"line":57,"column":39},"end":{"line":57,"column":47}},"25":{"start":{"line":58,"column":17},"end":{"line":58,"column":68}},"26":{"start":{"line":58,"column":35},"end":{"line":58,"column":67}},"27":{"start":{"line":61,"column":4},"end":{"line":63,"column":5}},"28":{"start":{"line":62,"column":8},"end":{"line":62,"column":56}},"29":{"start":{"line":65,"column":4},"end":{"line":65,"column":34}},"30":{"start":{"line":65,"column":15},"end":{"line":65,"column":34}},"31":{"start":{"line":66,"column":4},"end":{"line":66,"column":40}},"32":{"start":{"line":66,"column":17},"end":{"line":66,"column":40}},"33":{"start":{"line":67,"column":4},"end":{"line":67,"column":37}},"34":{"start":{"line":67,"column":16},"end":{"line":67,"column":37}},"35":{"start":{"line":69,"column":4},"end":{"line":69,"column":69}},"36":{"start":{"line":73,"column":0},"end":{"line":82,"column":3}},"37":{"start":{"line":74,"column":22},"end":{"line":74,"column":78}},"38":{"start":{"line":74,"column":45},"end":{"line":74,"column":77}},"39":{"start":{"line":76,"column":4},"end":{"line":78,"column":5}},"40":{"start":{"line":77,"column":8},"end":{"line":77,"column":56}},"41":{"start":{"line":80,"column":4},"end":{"line":80,"column":31}},"42":{"start":{"line":81,"column":4},"end":{"line":81,"column":74}},"43":{"start":{"line":86,"column":0},"end":{"line":86,"column":24}},"44":{"start":{"line":88,"column":0},"end":{"line":88,"column":41}}},"fnMap":{"0":{"name":"(anonymous_0)","decl":{"start":{"line":3,"column":19},"end":{"line":3,"column":20}},"loc":{"start":{"line":3,"column":25},"end":{"line":3,"column":40}},"line":3},"1":{"name":"(anonymous_1)","decl":{"start":{"line":7,"column":21},"end":{"line":7,"column":22}},"loc":{"start":{"line":7,"column":64},"end":{"line":13,"column":1}},"line":7},"2":{"name":"(anonymous_2)","decl":{"start":{"line":17,"column":17},"end":{"line":17,"column":18}},"loc":{"start":{"line":17,"column":31},"end":{"line":34,"column":1}},"line":17},"3":{"name":"(anonymous_3)","decl":{"start":{"line":37,"column":16},"end":{"line":37,"column":17}},"loc":{"start":{"line":37,"column":30},"end":{"line":39,"column":1}},"line":37},"4":{"name":"(anonymous_4)","decl":{"start":{"line":42,"column":19},"end":{"line":42,"column":20}},"loc":{"start":{"line":42,"column":33},"end":{"line":53,"column":1}},"line":42},"5":{"name":"(anonymous_5)","decl":{"start":{"line":43,"column":28},"end":{"line":43,"column":29}},"loc":{"start":{"line":43,"column":35},"end":{"line":43,"column":67}},"line":43},"6":{"name":"(anonymous_6)","decl":{"start":{"line":56,"column":19},"end":{"line":56,"column":20}},"loc":{"start":{"line":56,"column":33},"end":{"line":70,"column":1}},"line":56},"7":{"name":"(anonymous_7)","decl":{"start":{"line":58,"column":28},"end":{"line":58,"column":29}},"loc":{"start":{"line":58,"column":35},"end":{"line":58,"column":67}},"line":58},"8":{"name":"(anonymous_8)","decl":{"start":{"line":73,"column":22},"end":{"line":73,"column":23}},"loc":{"start":{"line":73,"column":36},"end":{"line":82,"column":1}},"line":73},"9":{"name":"(anonymous_9)","decl":{"start":{"line":74,"column":38},"end":{"line":74,"column":39}},"loc":{"start":{"line":74,"column":45},"end":{"line":74,"column":77}},"line":74}},"branchMap":{"0":{"loc":{"start":{"line":7,"column":48},"end":{"line":7,"column":59}},"type":"default-arg","locations":[{"start":{"line":7,"column":55},"end":{"line":7,"column":59}}],"line":7},"1":{"loc":{"start":{"line":20,"column":4},"end":{"line":22,"column":5}},"type":"if","locations":[{"start":{"line":20,"column":4},"end":{"line":22,"column":5}},{"start":{},"end":{}}],"line":20},"2":{"loc":{"start":{"line":20,"column":8},"end":{"line":20,"column":37}},"type":"binary-expr","locations":[{"start":{"line":20,"column":8},"end":{"line":20,"column":14}},{"start":{"line":20,"column":18},"end":{"line":20,"column":26}},{"start":{"line":20,"column":30},"end":{"line":20,"column":37}}],"line":20},"3":{"loc":{"start":{"line":45,"column":4},"end":{"line":47,"column":5}},"type":"if","locations":[{"start":{"line":45,"column":4},"end":{"line":47,"column":5}},{"start":{},"end":{}}],"line":45},"4":{"loc":{"start":{"line":61,"column":4},"end":{"line":63,"column":5}},"type":"if","locations":[{"start":{"line":61,"column":4},"end":{"line":63,"column":5}},{"start":{},"end":{}}],"line":61},"5":{"loc":{"start":{"line":65,"column":4},"end":{"line":65,"column":34}},"type":"if","locations":[{"start":{"line":65,"column":4},"end":{"line":65,"column":34}},{"start":{},"end":{}}],"line":65},"6":{"loc":{"start":{"line":66,"column":4},"end":{"line":66,"column":40}},"type":"if","locations":[{"start":{"line":66,"column":4},"end":{"line":66,"column":40}},{"start":{},"end":{}}],"line":66},"7":{"loc":{"start":{"line":67,"column":4},"end":{"line":67,"column":37}},"type":"if","locations":[{"start":{"line":67,"column":4},"end":{"line":67,"column":37}},{"start":{},"end":{}}],"line":67},"8":{"loc":{"start":{"line":76,"column":4},"end":{"line":78,"column":5}},"type":"if","locations":[{"start":{"line":76,"column":4},"end":{"line":78,"column":5}},{"start":{},"end":{}}],"line":76}},"s":{"0":3,"1":3,"2":3,"3":10,"4":3,"5":3,"6":23,"7":3,"8":3,"9":12,"10":12,"11":3,"12":9,"13":9,"14":9,"15":3,"16":2,"17":3,"18":3,"19":5,"20":3,"21":1,"22":2,"23":3,"24":3,"25":3,"26":7,"27":3,"28":1,"29":2,"30":2,"31":2,"32":1,"33":2,"34":1,"35":2,"36":3,"37":3,"38":8,"39":3,"40":1,"41":2,"42":2,"43":3,"44":3},"f":{"0":10,"1":23,"2":12,"3":2,"4":3,"5":5,"6":3,"7":7,"8":3,"9":8},"b":{"0":[6],"1":[3,9],"2":[12,11,10],"3":[1,2],"4":[1,2],"5":[2,0],"6":[1,1],"7":[1,1],"8":[1,2]},"_coverageSchema":"1a1c01bbd47fc00a2c39e90264f33305004495a9","hash":"a48e59bd73516dc4bfe026cb4423a0102e6e320b"}
,"C:\\Users\\gg345\\Desktop\\Back_end\\bactch4\\src\\route\\userRoute.js": {"path":"C:\\Users\\gg345\\Desktop\\Back_end\\bactch4\\src\\route\\userRoute.js","statementMap":{"0":{"start":{"line":1,"column":16},"end":{"line":1,"column":34}},"1":{"start":{"line":2,"column":15},"end":{"line":2,"column":31}},"2":{"start":{"line":3,"column":19},"end":{"line":3,"column":40}},"3":{"start":{"line":3,"column":27},"end":{"line":3,"column":38}},"4":{"start":{"line":6,"column":12},"end":{"line":6,"column":14}},"5":{"start":{"line":7,"column":21},"end":{"line":13,"column":1}},"6":{"start":{"line":8,"column":4},"end":{"line":12,"column":7}},"7":{"start":{"line":15,"column":0},"end":{"line":31,"column":3}},"8":{"start":{"line":16,"column":33},"end":{"line":16,"column":41}},"9":{"start":{"line":18,"column":4},"end":{"line":20,"column":5}},"10":{"start":{"line":19,"column":8},"end":{"line":19,"column":74}},"11":{"start":{"line":22,"column":17},"end":{"line":27,"column":5}},"12":{"start":{"line":29,"column":4},"end":{"line":29,"column":21}},"13":{"start":{"line":30,"column":4},"end":{"line":30,"column":69}},"14":{"start":{"line":34,"column":0},"end":{"line":36,"column":3}},"15":{"start":{"line":35,"column":4},"end":{"line":35,"column":73}},"16":{"start":{"line":39,"column":0},"end":{"line":50,"column":3}},"17":{"start":{"line":40,"column":17},"end":{"line":40,"column":68}},"18":{"start":{"line":40,"column":35},"end":{"line":40,"column":67}},"19":{"start":{"line":42,"column":4},"end":{"line":44,"column":5}},"20":{"start":{"line":43,"column":8},"end":{"line":43,"column":56}},"21":{"start":{"line":46,"column":4},"end":{"line":46,"column":71}},"22":{"start":{"line":53,"column":0},"end":{"line":67,"column":3}},"23":{"start":{"line":54,"column":33},"end":{"line":54,"column":41}},"24":{"start":{"line":55,"column":17},"end":{"line":55,"column":68}},"25":{"start":{"line":55,"column":35},"end":{"line":55,"column":67}},"26":{"start":{"line":58,"column":4},"end":{"line":60,"column":5}},"27":{"start":{"line":59,"column":8},"end":{"line":59,"column":56}},"28":{"start":{"line":62,"column":4},"end":{"line":62,"column":31}},"29":{"start":{"line":62,"column":14},"end":{"line":62,"column":31}},"30":{"start":{"line":63,"column":4},"end":{"line":63,"column":34}},"31":{"start":{"line":63,"column":15},"end":{"line":63,"column":34}},"32":{"start":{"line":64,"column":4},"end":{"line":64,"column":28}},"33":{"start":{"line":64,"column":13},"end":{"line":64,"column":28}},"34":{"start":{"line":66,"column":4},"end":{"line":66,"column":69}},"35":{"start":{"line":70,"column":0},"end":{"line":79,"column":3}},"36":{"start":{"line":71,"column":22},"end":{"line":71,"column":78}},"37":{"start":{"line":71,"column":45},"end":{"line":71,"column":77}},"38":{"start":{"line":73,"column":4},"end":{"line":75,"column":5}},"39":{"start":{"line":74,"column":8},"end":{"line":74,"column":56}},"40":{"start":{"line":77,"column":4},"end":{"line":77,"column":31}},"41":{"start":{"line":78,"column":4},"end":{"line":78,"column":74}},"42":{"start":{"line":85,"column":0},"end":{"line":85,"column":24}},"43":{"start":{"line":86,"column":0},"end":{"line":86,"column":41}}},"fnMap":{"0":{"name":"(anonymous_0)","decl":{"start":{"line":3,"column":19},"end":{"line":3,"column":20}},"loc":{"start":{"line":3,"column":25},"end":{"line":3,"column":40}},"line":3},"1":{"name":"(anonymous_1)","decl":{"start":{"line":7,"column":21},"end":{"line":7,"column":22}},"loc":{"start":{"line":7,"column":64},"end":{"line":13,"column":1}},"line":7},"2":{"name":"(anonymous_2)","decl":{"start":{"line":15,"column":17},"end":{"line":15,"column":18}},"loc":{"start":{"line":15,"column":31},"end":{"line":31,"column":1}},"line":15},"3":{"name":"(anonymous_3)","decl":{"start":{"line":34,"column":16},"end":{"line":34,"column":17}},"loc":{"start":{"line":34,"column":30},"end":{"line":36,"column":1}},"line":34},"4":{"name":"(anonymous_4)","decl":{"start":{"line":39,"column":19},"end":{"line":39,"column":20}},"loc":{"start":{"line":39,"column":33},"end":{"line":50,"column":1}},"line":39},"5":{"name":"(anonymous_5)","decl":{"start":{"line":40,"column":28},"end":{"line":40,"column":29}},"loc":{"start":{"line":40,"column":35},"end":{"line":40,"column":67}},"line":40},"6":{"name":"(anonymous_6)","decl":{"start":{"line":53,"column":19},"end":{"line":53,"column":20}},"loc":{"start":{"line":53,"column":33},"end":{"line":67,"column":1}},"line":53},"7":{"name":"(anonymous_7)","decl":{"start":{"line":55,"column":28},"end":{"line":55,"column":29}},"loc":{"start":{"line":55,"column":35},"end":{"line":55,"column":67}},"line":55},"8":{"name":"(anonymous_8)","decl":{"start":{"line":70,"column":22},"end":{"line":70,"column":23}},"loc":{"start":{"line":70,"column":36},"end":{"line":79,"column":1}},"line":70},"9":{"name":"(anonymous_9)","decl":{"start":{"line":71,"column":38},"end":{"line":71,"column":39}},"loc":{"start":{"line":71,"column":45},"end":{"line":71,"column":77}},"line":71}},"branchMap":{"0":{"loc":{"start":{"line":7,"column":48},"end":{"line":7,"column":59}},"type":"default-arg","locations":[{"start":{"line":7,"column":55},"end":{"line":7,"column":59}}],"line":7},"1":{"loc":{"start":{"line":18,"column":4},"end":{"line":20,"column":5}},"type":"if","locations":[{"start":{"line":18,"column":4},"end":{"line":20,"column":5}},{"start":{},"end":{}}],"line":18},"2":{"loc":{"start":{"line":18,"column":8},"end":{"line":18,"column":31}},"type":"binary-expr","locations":[{"start":{"line":18,"column":8},"end":{"line":18,"column":13}},{"start":{"line":18,"column":17},"end":{"line":18,"column":23}},{"start":{"line":18,"column":27},"end":{"line":18,"column":31}}],"line":18},"3":{"loc":{"start":{"line":42,"column":4},"end":{"line":44,"column":5}},"type":"if","locations":[{"start":{"line":42,"column":4},"end":{"line":44,"column":5}},{"start":{},"end":{}}],"line":42},"4":{"loc":{"start":{"line":58,"column":4},"end":{"line":60,"column":5}},"type":"if","locations":[{"start":{"line":58,"column":4},"end":{"line":60,"column":5}},{"start":{},"end":{}}],"line":58},"5":{"loc":{"start":{"line":62,"column":4},"end":{"line":62,"column":31}},"type":"if","locations":[{"start":{"line":62,"column":4},"end":{"line":62,"column":31}},{"start":{},"end":{}}],"line":62},"6":{"loc":{"start":{"line":63,"column":4},"end":{"line":63,"column":34}},"type":"if","locations":[{"start":{"line":63,"column":4},"end":{"line":63,"column":34}},{"start":{},"end":{}}],"line":63},"7":{"loc":{"start":{"line":64,"column":4},"end":{"line":64,"column":28}},"type":"if","locations":[{"start":{"line":64,"column":4},"end":{"line":64,"column":28}},{"start":{},"end":{}}],"line":64},"8":{"loc":{"start":{"line":73,"column":4},"end":{"line":75,"column":5}},"type":"if","locations":[{"start":{"line":73,"column":4},"end":{"line":75,"column":5}},{"start":{},"end":{}}],"line":73}},"s":{"0":3,"1":3,"2":3,"3":10,"4":3,"5":3,"6":23,"7":3,"8":12,"9":12,"10":3,"11":9,"12":9,"13":9,"14":3,"15":2,"16":3,"17":3,"18":5,"19":3,"20":1,"21":2,"22":3,"23":3,"24":3,"25":7,"26":3,"27":1,"28":2,"29":2,"30":2,"31":1,"32":2,"33":1,"34":2,"35":3,"36":3,"37":8,"38":3,"39":1,"40":2,"41":2,"42":3,"43":3},"f":{"0":10,"1":23,"2":12,"3":2,"4":3,"5":5,"6":3,"7":7,"8":3,"9":8},"b":{"0":[6],"1":[3,9],"2":[12,11,10],"3":[1,2],"4":[1,2],"5":[2,0],"6":[1,1],"7":[1,1],"8":[1,2]},"_coverageSchema":"1a1c01bbd47fc00a2c39e90264f33305004495a9","hash":"21b7891c4051538038868e392b4d7b04c818a0c5"}
}
