TN:
SF:src\app.js
FN:15,(anonymous_0)
FNF:1
FNH:1
FNDA:3,(anonymous_0)
DA:1,3
DA:2,3
DA:3,3
DA:4,3
DA:5,3
DA:7,3
DA:9,3
DA:10,3
DA:15,3
DA:16,3
DA:20,3
LF:11
LH:11
BRF:0
BRH:0
end_of_record
TN:
SF:src\route\postRoute.js
FN:3,(anonymous_0)
FN:7,(anonymous_1)
FN:17,(anonymous_2)
FN:37,(anonymous_3)
FN:42,(anonymous_4)
FN:43,(anonymous_5)
FN:56,(anonymous_6)
FN:58,(anonymous_7)
FN:73,(anonymous_8)
FN:74,(anonymous_9)
FNF:10
FNH:10
FNDA:10,(anonymous_0)
FNDA:23,(anonymous_1)
FNDA:12,(anonymous_2)
FNDA:2,(anonymous_3)
FNDA:3,(anonymous_4)
FNDA:5,(anonymous_5)
FNDA:3,(anonymous_6)
FNDA:7,(anonymous_7)
FNDA:3,(anonymous_8)
FNDA:8,(anonymous_9)
DA:1,3
DA:2,3
DA:3,10
DA:6,3
DA:7,3
DA:8,23
DA:16,3
DA:17,3
DA:18,12
DA:20,12
DA:21,3
DA:24,9
DA:32,9
DA:33,9
DA:37,3
DA:38,2
DA:42,3
DA:43,5
DA:45,3
DA:46,1
DA:49,2
DA:56,3
DA:57,3
DA:58,7
DA:61,3
DA:62,1
DA:65,2
DA:66,2
DA:67,2
DA:69,2
DA:73,3
DA:74,8
DA:76,3
DA:77,1
DA:80,2
DA:81,2
DA:86,3
DA:88,3
LF:38
LH:38
BRDA:7,0,0,6
BRDA:20,1,0,3
BRDA:20,1,1,9
BRDA:20,2,0,12
BRDA:20,2,1,11
BRDA:20,2,2,10
BRDA:45,3,0,1
BRDA:45,3,1,2
BRDA:61,4,0,1
BRDA:61,4,1,2
BRDA:65,5,0,2
BRDA:65,5,1,0
BRDA:66,6,0,1
BRDA:66,6,1,1
BRDA:67,7,0,1
BRDA:67,7,1,1
BRDA:76,8,0,1
BRDA:76,8,1,2
BRF:18
BRH:17
end_of_record
TN:
SF:src\route\userRoute.js
FN:3,(anonymous_0)
FN:7,(anonymous_1)
FN:15,(anonymous_2)
FN:34,(anonymous_3)
FN:39,(anonymous_4)
FN:40,(anonymous_5)
FN:53,(anonymous_6)
FN:55,(anonymous_7)
FN:70,(anonymous_8)
FN:71,(anonymous_9)
FNF:10
FNH:10
FNDA:10,(anonymous_0)
FNDA:23,(anonymous_1)
FNDA:12,(anonymous_2)
FNDA:2,(anonymous_3)
FNDA:3,(anonymous_4)
FNDA:5,(anonymous_5)
FNDA:3,(anonymous_6)
FNDA:7,(anonymous_7)
FNDA:3,(anonymous_8)
FNDA:8,(anonymous_9)
DA:1,3
DA:2,3
DA:3,10
DA:6,3
DA:7,3
DA:8,23
DA:15,3
DA:16,12
DA:18,12
DA:19,3
DA:22,9
DA:29,9
DA:30,9
DA:34,3
DA:35,2
DA:39,3
DA:40,5
DA:42,3
DA:43,1
DA:46,2
DA:53,3
DA:54,3
DA:55,7
DA:58,3
DA:59,1
DA:62,2
DA:63,2
DA:64,2
DA:66,2
DA:70,3
DA:71,8
DA:73,3
DA:74,1
DA:77,2
DA:78,2
DA:85,3
DA:86,3
LF:37
LH:37
BRDA:7,0,0,6
BRDA:18,1,0,3
BRDA:18,1,1,9
BRDA:18,2,0,12
BRDA:18,2,1,11
BRDA:18,2,2,10
BRDA:42,3,0,1
BRDA:42,3,1,2
BRDA:58,4,0,1
BRDA:58,4,1,2
BRDA:62,5,0,2
BRDA:62,5,1,0
BRDA:63,6,0,1
BRDA:63,6,1,1
BRDA:64,7,0,1
BRDA:64,7,1,1
BRDA:73,8,0,1
BRDA:73,8,1,2
BRF:18
BRH:17
end_of_record
